SQL: insert into tradelist (partner,seller,out_trade_no,`subject`,body,total_fee,payment_type,it_b_pay,userid,productid,quantity) values ('2088511678677741','pay@360cbs.com','201511101938276016','支付宝测试商品的标题内容','支付宝测试商品的描述内容','0.01',1  ,'5m',1  ,1,1) 
SQL: insert into tradelist (partner,seller,out_trade_no,`subject`,body,total_fee,payment_type,it_b_pay,userid,productid,quantity) values ('2088511678677741','pay@360cbs.com','201511101939065016','支付宝测试商品的标题内容','支付宝测试商品的描述内容','0.01',1  ,'5m',1  ,1,1) 
SQL: update tradelist set 
			  discount='0.00',trade_no='2015111000001000930009196810',buyer_email='larryemerson@163.com',notify_type='trade_status_sync',seller_id='2088511678677741',notify_time='2015-11-10 19:39:58',trade_status='WAIT_BUYER_PAY',is_total_fee_adjust='Y',seller_email='pay@360cbs.com',price='0.01',buyer_id='2088502145710939',notify_id='70a3a91271e8b4aa95705f2fd95c10af76',use_coupon='N' where out_trade_no ='201511101939065016' and partner='2088511678677741' and total_fee='0.01' and seller='pay@360cbs.com' and quantity=1 
SQL: update tradelist set 
			  discount='0.00',trade_no='2015111000001000930009196810',buyer_email='larryemerson@163.com',notify_type='trade_status_sync',seller_id='2088511678677741',notify_time='2015-11-10 19:39:59',trade_status='TRADE_SUCCESS',is_total_fee_adjust='N',seller_email='pay@360cbs.com',price='0.01',buyer_id='2088502145710939',notify_id='4f1974715461d146bfa0ab74621fbca276',use_coupon='N' where out_trade_no ='201511101939065016' and partner='2088511678677741' and total_fee='0.01' and seller='pay@360cbs.com' and quantity=1 
SQL: insert into tradelist (partner,seller,out_trade_no,`subject`,body,total_fee,payment_type,it_b_pay,userid,productid,quantity) values ('2088511678677741','pay@360cbs.com','201511101942397029','支付宝第二个测试商品的标题内容','支付宝第二个测试商品的描述内容','0.01',1  ,'5m',1  ,2,1) 
SQL: update tradelist set 
			  discount='0.00',trade_no='2015111000001000930009196810',buyer_email='larryemerson@163.com',notify_type='trade_status_sync',seller_id='2088511678677741',notify_time='2015-11-10 19:44:16',trade_status='TRADE_CLOSED',is_total_fee_adjust='N',seller_email='pay@360cbs.com',price='0.01',buyer_id='2088502145710939',notify_id='c381934c1fe64ecd424316fda5d8e16776',use_coupon='N' where out_trade_no ='201511101939065016' and partner='2088511678677741' and total_fee='0.01' and seller='pay@360cbs.com' and quantity=1 
SQL: update tradelist set 
			  discount='0.00',trade_no='2015111000001000930009199508',buyer_email='larryemerson@163.com',notify_type='trade_status_sync',seller_id='2088511678677741',notify_time='2015-11-10 20:25:22',trade_status='TRADE_SUCCESS',is_total_fee_adjust='N',seller_email='pay@360cbs.com',price='0.01',buyer_id='2088502145710939',notify_id='40b2d2221b02f4ff4cc38a5c4d20627b76',use_coupon='N' where out_trade_no ='201511101942397029' and partner='2088511678677741' and total_fee='0.01' and seller='pay@360cbs.com' and quantity=1 
SQL: update tradelist set 
			  discount='0.00',trade_no='2015111000001000930009199508',buyer_email='larryemerson@163.com',notify_type='trade_status_sync',seller_id='2088511678677741',notify_time='2015-11-10 20:25:22',trade_status='WAIT_BUYER_PAY',is_total_fee_adjust='Y',seller_email='pay@360cbs.com',price='0.01',buyer_id='2088502145710939',notify_id='78220aa4eb3baebba447e1203dd41add76',use_coupon='N' where out_trade_no ='201511101942397029' and partner='2088511678677741' and total_fee='0.01' and seller='pay@360cbs.com' and quantity=1 
SQL: insert into tradelist (partner,seller,out_trade_no,`subject`,body,total_fee,payment_type,it_b_pay,userid,productid,quantity) values ('2088511678677741','pay@360cbs.com','201511111119201011','支付宝测试商品的标题内容','支付宝测试商品的描述内容','0.01',1  ,'5m',1  ,1,1) 
SQL: insert into tradelist (partner,seller,out_trade_no,`subject`,body,total_fee,payment_type,it_b_pay,userid,productid,quantity) values ('2088511678677741','pay@360cbs.com','201511111121239017','支付宝测试商品的标题内容','支付宝测试商品的描述内容','0.01',1  ,'5m',1  ,1,1) 
SQL: insert into tradelist (partner,seller,out_trade_no,`subject`,body,total_fee,payment_type,it_b_pay,userid,productid,quantity) values ('2088511678677741','pay@360cbs.com','201511111122185015','支付宝测试商品的标题内容','支付宝测试商品的描述内容','0.01',1  ,'5m',1  ,1,1) 
SQL: insert into tradelist (partner,seller,out_trade_no,`subject`,body,total_fee,payment_type,it_b_pay,userid,productid,quantity) values ('2088511678677741','pay@360cbs.com','201511111128432012','支付宝测试商品的标题内容','支付宝测试商品的描述内容','0.01',1  ,'5m',1  ,1,1) 
SQL: insert into tradelist (partner,seller,out_trade_no,`subject`,body,total_fee,payment_type,it_b_pay,userid,productid,quantity) values ('2088511678677741','pay@360cbs.com','201511111129241015','支付宝测试商品的标题内容','支付宝测试商品的描述内容','0.01',1  ,'5m',1  ,1,1) 
SQL: insert into tradelist (partner,seller,out_trade_no,`subject`,body,total_fee,payment_type,it_b_pay,userid,productid,quantity) values ('2088511678677741','pay@360cbs.com','201511111130437012','支付宝测试商品的标题内容','支付宝测试商品的描述内容','0.01',1  ,'5m',1  ,1,1) 
SQL: insert into tradelist (partner,seller,out_trade_no,`subject`,body,total_fee,payment_type,it_b_pay,userid,productid,quantity) values ('2088511678677741','pay@360cbs.com','201511111130436015','支付宝测试商品的标题内容','支付宝测试商品的描述内容','0.01',1  ,'5m',1  ,1,1) 
SQL: insert into tradelist (partner,seller,out_trade_no,`subject`,body,total_fee,payment_type,it_b_pay,userid,productid,quantity) values ('2088511678677741','pay@360cbs.com','201511111141230011','支付宝测试商品的标题内容','支付宝测试商品的描述内容','0.01',1  ,'5m',1  ,1,1) 
SQL: insert into tradelist (partner,seller,out_trade_no,`subject`,body,total_fee,payment_type,it_b_pay,userid,productid,quantity) values ('2088511678677741','pay@360cbs.com','201511111142296018','支付宝测试商品的标题内容','支付宝测试商品的描述内容','0.01',1  ,'5m',1  ,1,1) 
